[2022-06-07 01:39:37] local.ERROR: SQLSTATE[HY000] [2002] No connection could be made because the target machine actively refused it.
 (SQL: select * from information_schema.tables where table_schema = rentaldb and table_name = migrations) {"exception":"[object] (Illuminate\\Database\\QueryException(code: 2002): SQLSTATE[HY000] [2002] No connection could be made because the target machine actively refused it.
 (SQL: select * from information_schema.tables where table_schema = rentaldb and table_name = migrations) at C:\\Users\\adones\\Downloads\\Laravel Projects\\Unfinish\\Rental-system-laravel\\vendor\\laravel\\framework\\src\\Illuminate\\Database\\Connection.php:664, PDOException(code: 2002): SQLSTATE[HY000] [2002] No connection could be made because the target machine actively refused it.
 at C:\\Users\\adones\\Downloads\\Laravel Projects\\Unfinish\\Rental-system-laravel\\vendor\\laravel\\framework\\src\\Illuminate\\Database\\Connectors\\Connector.php:70)
[stacktrace]
#0 C:\\Users\\adones\\Downloads\\Laravel Projects\\Unfinish\\Rental-system-laravel\\vendor\\laravel\\framework\\src\\Illuminate\\Database\\Connection.php(624): Illuminate\\Database\\Connection->runQueryCallback('select * from i...', Array, Object(Closure))
#1 C:\\Users\\adones\\Downloads\\Laravel Projects\\Unfinish\\Rental-system-laravel\\vendor\\laravel\\framework\\src\\Illuminate\\Database\\Connection.php(333): Illuminate\\Database\\Connection->run('select * from i...', Array, Object(Closure))
#2 C:\\Users\\adones\\Downloads\\Laravel Projects\\Unfinish\\Rental-system-laravel\\vendor\\laravel\\framework\\src\\Illuminate\\Database\\Schema\\MySqlBuilder.php(18): Illuminate\\Database\\Connection->select('select * from i...', Array)
#3 C:\\Users\\adones\\Downloads\\Laravel Projects\\Unfinish\\Rental-system-laravel\\vendor\\laravel\\framework\\src\\Illuminate\\Database\\Migrations\\DatabaseMigrationRepository.php(169): Illuminate\\Database\\Schema\\MySqlBuilder->hasTable('migrations')
#4 C:\\Users\\adones\\Downloads\\Laravel Projects\\Unfinish\\Rental-system-laravel\\vendor\\laravel\\framework\\src\\Illuminate\\Database\\Migrations\\Migrator.php(556): Illuminate\\Database\\Migrations\\DatabaseMigrationRepository->repositoryExists()
#5 C:\\Users\\adones\\Downloads\\Laravel Projects\\Unfinish\\Rental-system-laravel\\vendor\\laravel\\framework\\src\\Illuminate\\Database\\Console\\Migrations\\MigrateCommand.php(91): Illuminate\\Database\\Migrations\\Migrator->repositoryExists()
#6 C:\\Users\\adones\\Downloads\\Laravel Projects\\Unfinish\\Rental-system-laravel\\vendor\\laravel\\framework\\src\\Illuminate\\Database\\Console\\Migrations\\MigrateCommand.php(63): Illuminate\\Database\\Console\\Migrations\\MigrateCommand->prepareDatabase()
#7 [internal function]: Illuminate\\Database\\Console\\Migrations\\MigrateCommand->handle()
#8 C:\\Users\\adones\\Downloads\\Laravel Projects\\Unfinish\\Rental-system-laravel\\vendor\\laravel\\framework\\src\\Illuminate\\Container\\BoundMethod.php(29): call_user_func_array(Array, Array)
#9 C:\\Users\\adones\\Downloads\\Laravel Projects\\Unfinish\\Rental-system-laravel\\vendor\\laravel\\framework\\src\\Illuminate\\Container\\BoundMethod.php(87): Illuminate\\Container\\BoundMethod::Illuminate\\Container\\{closure}()
#10 C:\\Users\\adones\\Downloads\\Laravel Projects\\Unfinish\\Rental-system-laravel\\vendor\\laravel\\framework\\src\\Illuminate\\Container\\BoundMethod.php(31): Illuminate\\Container\\BoundMethod::callBoundMethod(Object(Illuminate\\Foundation\\Application), Array, Object(Closure))
#11 C:\\Users\\adones\\Downloads\\Laravel Projects\\Unfinish\\Rental-system-laravel\\vendor\\laravel\\framework\\src\\Illuminate\\Container\\Container.php(572): Illuminate\\Container\\BoundMethod::call(Object(Illuminate\\Foundation\\Application), Array, Array, NULL)
#12 C:\\Users\\adones\\Downloads\\Laravel Projects\\Unfinish\\Rental-system-laravel\\vendor\\laravel\\framework\\src\\Illuminate\\Console\\Command.php(183): Illuminate\\Container\\Container->call(Array)
#13 C:\\Users\\adones\\Downloads\\Laravel Projects\\Unfinish\\Rental-system-laravel\\vendor\\symfony\\console\\Command\\Command.php(255): Illuminate\\Console\\Command->execute(Object(Symfony\\Component\\Console\\Input\\ArgvInput), Object(Illuminate\\Console\\OutputStyle))
#14 C:\\Users\\adones\\Downloads\\Laravel Projects\\Unfinish\\Rental-system-laravel\\vendor\\laravel\\framework\\src\\Illuminate\\Console\\Command.php(170): Symfony\\Component\\Console\\Command\\Command->run(Object(Symfony\\Component\\Console\\Input\\ArgvInput), Object(Illuminate\\Console\\OutputStyle))
#15 C:\\Users\\adones\\Downloads\\Laravel Projects\\Unfinish\\Rental-system-laravel\\vendor\\symfony\\console\\Application.php(1009): Illuminate\\Console\\Command->run(Object(Symfony\\Component\\Console\\Input\\ArgvInput), Object(Symfony\\Component\\Console\\Output\\ConsoleOutput))
#16 C:\\Users\\adones\\Downloads\\Laravel Projects\\Unfinish\\Rental-system-laravel\\vendor\\symfony\\console\\Application.php(273): Symfony\\Component\\Console\\Application->doRunCommand(Object(Illuminate\\Database\\Console\\Migrations\\MigrateCommand), Object(Symfony\\Component\\Console\\Input\\ArgvInput), Object(Symfony\\Component\\Console\\Output\\ConsoleOutput))
#17 C:\\Users\\adones\\Downloads\\Laravel Projects\\Unfinish\\Rental-system-laravel\\vendor\\symfony\\console\\Application.php(149): Symfony\\Component\\Console\\Application->doRun(Object(Symfony\\Component\\Console\\Input\\ArgvInput), Object(Symfony\\Component\\Console\\Output\\ConsoleOutput))
#18 C:\\Users\\adones\\Downloads\\Laravel Projects\\Unfinish\\Rental-system-laravel\\vendor\\laravel\\framework\\src\\Illuminate\\Console\\Application.php(89): Symfony\\Component\\Console\\Application->run(Object(Symfony\\Component\\Console\\Input\\ArgvInput), Object(Symfony\\Component\\Console\\Output\\ConsoleOutput))
#19 C:\\Users\\adones\\Downloads\\Laravel Projects\\Unfinish\\Rental-system-laravel\\vendor\\laravel\\framework\\src\\Illuminate\\Foundation\\Console\\Kernel.php(122): Illuminate\\Console\\Application->run(Object(Symfony\\Component\\Console\\Input\\ArgvInput), Object(Symfony\\Component\\Console\\Output\\ConsoleOutput))
#20 C:\\Users\\adones\\Downloads\\Laravel Projects\\Unfinish\\Rental-system-laravel\\artisan(37): Illuminate\\Foundation\\Console\\Kernel->handle(Object(Symfony\\Component\\Console\\Input\\ArgvInput), Object(Symfony\\Component\\Console\\Output\\ConsoleOutput))
#21 {main}
"} 
[2022-06-07 01:41:02] local.ERROR: SQLSTATE[23000]: Integrity constraint violation: 1062 Duplicate entry 'admiin@1.com' for key 'users_email_unique' (SQL: insert into `users` (`email`, `password`, `profile_img`, `role_id_fk`, `updated_at`, `created_at`) values (admiin@1.com, $2y$10$fXvuVuEDgXy6TUDfweXWO.2avb9HVh1Kjo2Yx.1XicIRLgSLPcbY2, pp.png, 1, 2022-06-07 01:41:02, 2022-06-07 01:41:02)) {"exception":"[object] (Illuminate\\Database\\QueryException(code: 23000): SQLSTATE[23000]: Integrity constraint violation: 1062 Duplicate entry 'admiin@1.com' for key 'users_email_unique' (SQL: insert into `users` (`email`, `password`, `profile_img`, `role_id_fk`, `updated_at`, `created_at`) values (admiin@1.com, $2y$10$fXvuVuEDgXy6TUDfweXWO.2avb9HVh1Kjo2Yx.1XicIRLgSLPcbY2, pp.png, 1, 2022-06-07 01:41:02, 2022-06-07 01:41:02)) at C:\\Users\\adones\\Downloads\\Laravel Projects\\Unfinish\\Rental-system-laravel\\vendor\\laravel\\framework\\src\\Illuminate\\Database\\Connection.php:664, PDOException(code: 23000): SQLSTATE[23000]: Integrity constraint violation: 1062 Duplicate entry 'admiin@1.com' for key 'users_email_unique' at C:\\Users\\adones\\Downloads\\Laravel Projects\\Unfinish\\Rental-system-laravel\\vendor\\laravel\\framework\\src\\Illuminate\\Database\\Connection.php:458)
[stacktrace]
#0 C:\\Users\\adones\\Downloads\\Laravel Projects\\Unfinish\\Rental-system-laravel\\vendor\\laravel\\framework\\src\\Illuminate\\Database\\Connection.php(624): Illuminate\\Database\\Connection->runQueryCallback('insert into `us...', Array, Object(Closure))
#1 C:\\Users\\adones\\Downloads\\Laravel Projects\\Unfinish\\Rental-system-laravel\\vendor\\laravel\\framework\\src\\Illuminate\\Database\\Connection.php(459): Illuminate\\Database\\Connection->run('insert into `us...', Array, Object(Closure))
#2 C:\\Users\\adones\\Downloads\\Laravel Projects\\Unfinish\\Rental-system-laravel\\vendor\\laravel\\framework\\src\\Illuminate\\Database\\Connection.php(411): Illuminate\\Database\\Connection->statement('insert into `us...', Array)
#3 C:\\Users\\adones\\Downloads\\Laravel Projects\\Unfinish\\Rental-system-laravel\\vendor\\laravel\\framework\\src\\Illuminate\\Database\\Query\\Processors\\Processor.php(32): Illuminate\\Database\\Connection->insert('insert into `us...', Array)
#4 C:\\Users\\adones\\Downloads\\Laravel Projects\\Unfinish\\Rental-system-laravel\\vendor\\laravel\\framework\\src\\Illuminate\\Database\\Query\\Builder.php(2628): Illuminate\\Database\\Query\\Processors\\Processor->processInsertGetId(Object(Illuminate\\Database\\Query\\Builder), 'insert into `us...', Array, 'id')
#5 C:\\Users\\adones\\Downloads\\Laravel Projects\\Unfinish\\Rental-system-laravel\\vendor\\laravel\\framework\\src\\Illuminate\\Database\\Eloquent\\Builder.php(1338): Illuminate\\Database\\Query\\Builder->insertGetId(Array, 'id')
#6 C:\\Users\\adones\\Downloads\\Laravel Projects\\Unfinish\\Rental-system-laravel\\vendor\\laravel\\framework\\src\\Illuminate\\Database\\Eloquent\\Model.php(823): Illuminate\\Database\\Eloquent\\Builder->__call('insertGetId', Array)
#7 C:\\Users\\adones\\Downloads\\Laravel Projects\\Unfinish\\Rental-system-laravel\\vendor\\laravel\\framework\\src\\Illuminate\\Database\\Eloquent\\Model.php(788): Illuminate\\Database\\Eloquent\\Model->insertAndSetId(Object(Illuminate\\Database\\Eloquent\\Builder), Array)
#8 C:\\Users\\adones\\Downloads\\Laravel Projects\\Unfinish\\Rental-system-laravel\\vendor\\laravel\\framework\\src\\Illuminate\\Database\\Eloquent\\Model.php(651): Illuminate\\Database\\Eloquent\\Model->performInsert(Object(Illuminate\\Database\\Eloquent\\Builder))
#9 C:\\Users\\adones\\Downloads\\Laravel Projects\\Unfinish\\Rental-system-laravel\\database\\seeds\\UserTableSeeder.php(32): Illuminate\\Database\\Eloquent\\Model->save()
#10 C:\\Users\\adones\\Downloads\\Laravel Projects\\Unfinish\\Rental-system-laravel\\database\\seeds\\UserTableSeeder.php(14): UserTableSeeder->admin1()
#11 [internal function]: UserTableSeeder->run()
#12 C:\\Users\\adones\\Downloads\\Laravel Projects\\Unfinish\\Rental-system-laravel\\vendor\\laravel\\framework\\src\\Illuminate\\Container\\BoundMethod.php(29): call_user_func_array(Array, Array)
#13 C:\\Users\\adones\\Downloads\\Laravel Projects\\Unfinish\\Rental-system-laravel\\vendor\\laravel\\framework\\src\\Illuminate\\Container\\BoundMethod.php(87): Illuminate\\Container\\BoundMethod::Illuminate\\Container\\{closure}()
#14 C:\\Users\\adones\\Downloads\\Laravel Projects\\Unfinish\\Rental-system-laravel\\vendor\\laravel\\framework\\src\\Illuminate\\Container\\BoundMethod.php(31): Illuminate\\Container\\BoundMethod::callBoundMethod(Object(Illuminate\\Foundation\\Application), Array, Object(Closure))
#15 C:\\Users\\adones\\Downloads\\Laravel Projects\\Unfinish\\Rental-system-laravel\\vendor\\laravel\\framework\\src\\Illuminate\\Container\\Container.php(572): Illuminate\\Container\\BoundMethod::call(Object(Illuminate\\Foundation\\Application), Array, Array, NULL)
#16 C:\\Users\\adones\\Downloads\\Laravel Projects\\Unfinish\\Rental-system-laravel\\vendor\\laravel\\framework\\src\\Illuminate\\Database\\Seeder.php(122): Illuminate\\Container\\Container->call(Array)
#17 C:\\Users\\adones\\Downloads\\Laravel Projects\\Unfinish\\Rental-system-laravel\\vendor\\laravel\\framework\\src\\Illuminate\\Database\\Seeder.php(42): Illuminate\\Database\\Seeder->__invoke()
#18 C:\\Users\\adones\\Downloads\\Laravel Projects\\Unfinish\\Rental-system-laravel\\database\\seeds\\DatabaseSeeder.php(15): Illuminate\\Database\\Seeder->call('UserTableSeeder')
#19 [internal function]: DatabaseSeeder->run()
#20 C:\\Users\\adones\\Downloads\\Laravel Projects\\Unfinish\\Rental-system-laravel\\vendor\\laravel\\framework\\src\\Illuminate\\Container\\BoundMethod.php(29): call_user_func_array(Array, Array)
#21 C:\\Users\\adones\\Downloads\\Laravel Projects\\Unfinish\\Rental-system-laravel\\vendor\\laravel\\framework\\src\\Illuminate\\Container\\BoundMethod.php(87): Illuminate\\Container\\BoundMethod::Illuminate\\Container\\{closure}()
#22 C:\\Users\\adones\\Downloads\\Laravel Projects\\Unfinish\\Rental-system-laravel\\vendor\\laravel\\framework\\src\\Illuminate\\Container\\BoundMethod.php(31): Illuminate\\Container\\BoundMethod::callBoundMethod(Object(Illuminate\\Foundation\\Application), Array, Object(Closure))
#23 C:\\Users\\adones\\Downloads\\Laravel Projects\\Unfinish\\Rental-system-laravel\\vendor\\laravel\\framework\\src\\Illuminate\\Container\\Container.php(572): Illuminate\\Container\\BoundMethod::call(Object(Illuminate\\Foundation\\Application), Array, Array, NULL)
#24 C:\\Users\\adones\\Downloads\\Laravel Projects\\Unfinish\\Rental-system-laravel\\vendor\\laravel\\framework\\src\\Illuminate\\Database\\Seeder.php(122): Illuminate\\Container\\Container->call(Array)
#25 C:\\Users\\adones\\Downloads\\Laravel Projects\\Unfinish\\Rental-system-laravel\\vendor\\laravel\\framework\\src\\Illuminate\\Database\\Console\\Seeds\\SeedCommand.php(63): Illuminate\\Database\\Seeder->__invoke()
#26 C:\\Users\\adones\\Downloads\\Laravel Projects\\Unfinish\\Rental-system-laravel\\vendor\\laravel\\framework\\src\\Illuminate\\Database\\Eloquent\\Concerns\\GuardsAttributes.php(122): Illuminate\\Database\\Console\\Seeds\\SeedCommand->Illuminate\\Database\\Console\\Seeds\\{closure}()
#27 C:\\Users\\adones\\Downloads\\Laravel Projects\\Unfinish\\Rental-system-laravel\\vendor\\laravel\\framework\\src\\Illuminate\\Database\\Console\\Seeds\\SeedCommand.php(64): Illuminate\\Database\\Eloquent\\Model::unguarded(Object(Closure))
#28 [internal function]: Illuminate\\Database\\Console\\Seeds\\SeedCommand->handle()
#29 C:\\Users\\adones\\Downloads\\Laravel Projects\\Unfinish\\Rental-system-laravel\\vendor\\laravel\\framework\\src\\Illuminate\\Container\\BoundMethod.php(29): call_user_func_array(Array, Array)
#30 C:\\Users\\adones\\Downloads\\Laravel Projects\\Unfinish\\Rental-system-laravel\\vendor\\laravel\\framework\\src\\Illuminate\\Container\\BoundMethod.php(87): Illuminate\\Container\\BoundMethod::Illuminate\\Container\\{closure}()
#31 C:\\Users\\adones\\Downloads\\Laravel Projects\\Unfinish\\Rental-system-laravel\\vendor\\laravel\\framework\\src\\Illuminate\\Container\\BoundMethod.php(31): Illuminate\\Container\\BoundMethod::callBoundMethod(Object(Illuminate\\Foundation\\Application), Array, Object(Closure))
#32 C:\\Users\\adones\\Downloads\\Laravel Projects\\Unfinish\\Rental-system-laravel\\vendor\\laravel\\framework\\src\\Illuminate\\Container\\Container.php(572): Illuminate\\Container\\BoundMethod::call(Object(Illuminate\\Foundation\\Application), Array, Array, NULL)
#33 C:\\Users\\adones\\Downloads\\Laravel Projects\\Unfinish\\Rental-system-laravel\\vendor\\laravel\\framework\\src\\Illuminate\\Console\\Command.php(183): Illuminate\\Container\\Container->call(Array)
#34 C:\\Users\\adones\\Downloads\\Laravel Projects\\Unfinish\\Rental-system-laravel\\vendor\\symfony\\console\\Command\\Command.php(255): Illuminate\\Console\\Command->execute(Object(Symfony\\Component\\Console\\Input\\ArgvInput), Object(Illuminate\\Console\\OutputStyle))
#35 C:\\Users\\adones\\Downloads\\Laravel Projects\\Unfinish\\Rental-system-laravel\\vendor\\laravel\\framework\\src\\Illuminate\\Console\\Command.php(170): Symfony\\Component\\Console\\Command\\Command->run(Object(Symfony\\Component\\Console\\Input\\ArgvInput), Object(Illuminate\\Console\\OutputStyle))
#36 C:\\Users\\adones\\Downloads\\Laravel Projects\\Unfinish\\Rental-system-laravel\\vendor\\symfony\\console\\Application.php(1009): Illuminate\\Console\\Command->run(Object(Symfony\\Component\\Console\\Input\\ArgvInput), Object(Symfony\\Component\\Console\\Output\\ConsoleOutput))
#37 C:\\Users\\adones\\Downloads\\Laravel Projects\\Unfinish\\Rental-system-laravel\\vendor\\symfony\\console\\Application.php(273): Symfony\\Component\\Console\\Application->doRunCommand(Object(Illuminate\\Database\\Console\\Seeds\\SeedCommand), Object(Symfony\\Component\\Console\\Input\\ArgvInput), Object(Symfony\\Component\\Console\\Output\\ConsoleOutput))
#38 C:\\Users\\adones\\Downloads\\Laravel Projects\\Unfinish\\Rental-system-laravel\\vendor\\symfony\\console\\Application.php(149): Symfony\\Component\\Console\\Application->doRun(Object(Symfony\\Component\\Console\\Input\\ArgvInput), Object(Symfony\\Component\\Console\\Output\\ConsoleOutput))
#39 C:\\Users\\adones\\Downloads\\Laravel Projects\\Unfinish\\Rental-system-laravel\\vendor\\laravel\\framework\\src\\Illuminate\\Console\\Application.php(89): Symfony\\Component\\Console\\Application->run(Object(Symfony\\Component\\Console\\Input\\ArgvInput), Object(Symfony\\Component\\Console\\Output\\ConsoleOutput))
#40 C:\\Users\\adones\\Downloads\\Laravel Projects\\Unfinish\\Rental-system-laravel\\vendor\\laravel\\framework\\src\\Illuminate\\Foundation\\Console\\Kernel.php(122): Illuminate\\Console\\Application->run(Object(Symfony\\Component\\Console\\Input\\ArgvInput), Object(Symfony\\Component\\Console\\Output\\ConsoleOutput))
#41 C:\\Users\\adones\\Downloads\\Laravel Projects\\Unfinish\\Rental-system-laravel\\artisan(37): Illuminate\\Foundation\\Console\\Kernel->handle(Object(Symfony\\Component\\Console\\Input\\ArgvInput), Object(Symfony\\Component\\Console\\Output\\ConsoleOutput))
#42 {main}
"} 
